<?xml version="1.0" encoding="UTF-8"?>
<testsuite xmlns:xsi="http://www.w3.org/2001/XMLSchema-instance" xsi:noNamespaceSchemaLocation="https://maven.apache.org/surefire/maven-surefire-plugin/xsd/surefire-test-report.xsd" name="TestSuite" time="3.229" tests="4" errors="0" skipped="2" failures="2">
  <properties>
[...]
</properties>
  <testcase name="prepareTest" classname="com.pCloudy.testNG.Runner" time="2.985">
    <failure message="Unable to create a new remote session. Please check the server log for more details. Original error: com.ssts.pcloudy.exceptions.DeviceNotBookedException : Requested Device Full &apos;ASUS_Zenfone3_Android_8.0.0&apos;name not found/already booked. (WARNING: The server did not provide any stacktrace information)&#10;Command duration or timeout: 2.32 seconds&#10;Build info: version: &apos;3.141.59&apos;, revision: &apos;e82be7d358&apos;, time: &apos;2018-11-14T08:17:03&apos;&#10;System info: host: &apos;SB-IN-PYEKMD6N.local&apos;, ip: &apos;192.168.43.34&apos;, os.name: &apos;Mac OS X&apos;, os.arch: &apos;x86_64&apos;, os.version: &apos;10.15.3&apos;, java.version: &apos;1.8.0_241&apos;&#10;Driver info: driver.version: AndroidDriver&#10;Build info: version: &apos;3.141.59&apos;, revision: &apos;e82be7d358&apos;, time: &apos;2018-11-14T08:17:03&apos;&#10;System info: host: &apos;SB-IN-PYEKMD6N.local&apos;, ip: &apos;192.168.43.34&apos;, os.name: &apos;Mac OS X&apos;, os.arch: &apos;x86_64&apos;, os.version: &apos;10.15.3&apos;, java.version: &apos;1.8.0_241&apos;&#10;Driver info: driver.version: AndroidDriver" type="org.openqa.selenium.SessionNotCreatedException">org.openqa.selenium.SessionNotCreatedException: 
Unable to create a new remote session. Please check the server log for more details. Original error: com.ssts.pcloudy.exceptions.DeviceNotBookedException : Requested Device Full 'ASUS_Zenfone3_Android_8.0.0'name not found/already booked. (WARNING: The server did not provide any stacktrace information)
Command duration or timeout: 2.32 seconds
Build info: version: '3.141.59', revision: 'e82be7d358', time: '2018-11-14T08:17:03'
System info: host: 'SB-IN-PYEKMD6N.local', ip: '192.168.43.34', os.name: 'Mac OS X', os.arch: 'x86_64', os.version: '10.15.3', java.version: '1.8.0_241'
Driver info: driver.version: AndroidDriver
Build info: version: '3.141.59', revision: 'e82be7d358', time: '2018-11-14T08:17:03'
System info: host: 'SB-IN-PYEKMD6N.local', ip: '192.168.43.34', os.name: 'Mac OS X', os.arch: 'x86_64', os.version: '10.15.3', java.version: '1.8.0_241'
Driver info: driver.version: AndroidDriver
	at com.pCloudy.testNG.Runner.prepareTest(Runner.java:69)
Caused by: java.lang.reflect.InvocationTargetException
	at com.pCloudy.testNG.Runner.prepareTest(Runner.java:69)
Caused by: org.openqa.selenium.SessionNotCreatedException: 
com.ssts.pcloudy.exceptions.DeviceNotBookedException : Requested Device Full 'ASUS_Zenfone3_Android_8.0.0'name not found/already booked. (WARNING: The server did not provide any stacktrace information)
Command duration or timeout: 2.32 seconds
Build info: version: '3.141.59', revision: 'e82be7d358', time: '2018-11-14T08:17:03'
System info: host: 'SB-IN-PYEKMD6N.local', ip: '192.168.43.34', os.name: 'Mac OS X', os.arch: 'x86_64', os.version: '10.15.3', java.version: '1.8.0_241'
Driver info: driver.version: AndroidDriver
	at com.pCloudy.testNG.Runner.prepareTest(Runner.java:69)
</failure>
  </testcase>
  <testcase name="prepareTest" classname="com.pCloudy.testNG.Runner" time="3.035">
    <failure message="Unable to create a new remote session. Please check the server log for more details. Original error: com.ssts.pcloudy.exceptions.DeviceNotBookedException : Requested Device Full &apos;ASUS_Zenfone3_Android_8.0.0&apos;name not found/already booked. (WARNING: The server did not provide any stacktrace information)&#10;Command duration or timeout: 2.39 seconds&#10;Build info: version: &apos;3.141.59&apos;, revision: &apos;e82be7d358&apos;, time: &apos;2018-11-14T08:17:03&apos;&#10;System info: host: &apos;SB-IN-PYEKMD6N.local&apos;, ip: &apos;192.168.43.34&apos;, os.name: &apos;Mac OS X&apos;, os.arch: &apos;x86_64&apos;, os.version: &apos;10.15.3&apos;, java.version: &apos;1.8.0_241&apos;&#10;Driver info: driver.version: AndroidDriver&#10;Build info: version: &apos;3.141.59&apos;, revision: &apos;e82be7d358&apos;, time: &apos;2018-11-14T08:17:03&apos;&#10;System info: host: &apos;SB-IN-PYEKMD6N.local&apos;, ip: &apos;192.168.43.34&apos;, os.name: &apos;Mac OS X&apos;, os.arch: &apos;x86_64&apos;, os.version: &apos;10.15.3&apos;, java.version: &apos;1.8.0_241&apos;&#10;Driver info: driver.version: AndroidDriver" type="org.openqa.selenium.SessionNotCreatedException">org.openqa.selenium.SessionNotCreatedException: 
Unable to create a new remote session. Please check the server log for more details. Original error: com.ssts.pcloudy.exceptions.DeviceNotBookedException : Requested Device Full 'ASUS_Zenfone3_Android_8.0.0'name not found/already booked. (WARNING: The server did not provide any stacktrace information)
Command duration or timeout: 2.39 seconds
Build info: version: '3.141.59', revision: 'e82be7d358', time: '2018-11-14T08:17:03'
System info: host: 'SB-IN-PYEKMD6N.local', ip: '192.168.43.34', os.name: 'Mac OS X', os.arch: 'x86_64', os.version: '10.15.3', java.version: '1.8.0_241'
Driver info: driver.version: AndroidDriver
Build info: version: '3.141.59', revision: 'e82be7d358', time: '2018-11-14T08:17:03'
System info: host: 'SB-IN-PYEKMD6N.local', ip: '192.168.43.34', os.name: 'Mac OS X', os.arch: 'x86_64', os.version: '10.15.3', java.version: '1.8.0_241'
Driver info: driver.version: AndroidDriver
	at com.pCloudy.testNG.Runner.prepareTest(Runner.java:69)
Caused by: java.lang.reflect.InvocationTargetException
	at com.pCloudy.testNG.Runner.prepareTest(Runner.java:69)
Caused by: org.openqa.selenium.SessionNotCreatedException: 
com.ssts.pcloudy.exceptions.DeviceNotBookedException : Requested Device Full 'ASUS_Zenfone3_Android_8.0.0'name not found/already booked. (WARNING: The server did not provide any stacktrace information)
Command duration or timeout: 2.39 seconds
Build info: version: '3.141.59', revision: 'e82be7d358', time: '2018-11-14T08:17:03'
System info: host: 'SB-IN-PYEKMD6N.local', ip: '192.168.43.34', os.name: 'Mac OS X', os.arch: 'x86_64', os.version: '10.15.3', java.version: '1.8.0_241'
Driver info: driver.version: AndroidDriver
	at com.pCloudy.testNG.Runner.prepareTest(Runner.java:69)
</failure>
  </testcase>
  <testcase name="Test" classname="com.pCloudy.testNG.Runner" time="0">
    <skipped message="Unable to create a new remote session. Please check the server log for more details. Original error: com.ssts.pcloudy.exceptions.DeviceNotBookedException : Requested Device Full &apos;ASUS_Zenfone3_Android_8.0.0&apos;name not found/already booked. (WARNING: The server did not provide any stacktrace information)&#10;Command duration or timeout: 2.32 seconds&#10;Build info: version: &apos;3.141.59&apos;, revision: &apos;e82be7d358&apos;, time: &apos;2018-11-14T08:17:03&apos;&#10;System info: host: &apos;SB-IN-PYEKMD6N.local&apos;, ip: &apos;192.168.43.34&apos;, os.name: &apos;Mac OS X&apos;, os.arch: &apos;x86_64&apos;, os.version: &apos;10.15.3&apos;, java.version: &apos;1.8.0_241&apos;&#10;Driver info: driver.version: AndroidDriver&#10;Build info: version: &apos;3.141.59&apos;, revision: &apos;e82be7d358&apos;, time: &apos;2018-11-14T08:17:03&apos;&#10;System info: host: &apos;SB-IN-PYEKMD6N.local&apos;, ip: &apos;192.168.43.34&apos;, os.name: &apos;Mac OS X&apos;, os.arch: &apos;x86_64&apos;, os.version: &apos;10.15.3&apos;, java.version: &apos;1.8.0_241&apos;&#10;Driver info: driver.version: AndroidDriver"/>
  </testcase>
  <testcase name="Test" classname="com.pCloudy.testNG.Runner" time="0">
    <skipped message="Unable to create a new remote session. Please check the server log for more details. Original error: com.ssts.pcloudy.exceptions.DeviceNotBookedException : Requested Device Full &apos;ASUS_Zenfone3_Android_8.0.0&apos;name not found/already booked. (WARNING: The server did not provide any stacktrace information)&#10;Command duration or timeout: 2.39 seconds&#10;Build info: version: &apos;3.141.59&apos;, revision: &apos;e82be7d358&apos;, time: &apos;2018-11-14T08:17:03&apos;&#10;System info: host: &apos;SB-IN-PYEKMD6N.local&apos;, ip: &apos;192.168.43.34&apos;, os.name: &apos;Mac OS X&apos;, os.arch: &apos;x86_64&apos;, os.version: &apos;10.15.3&apos;, java.version: &apos;1.8.0_241&apos;&#10;Driver info: driver.version: AndroidDriver&#10;Build info: version: &apos;3.141.59&apos;, revision: &apos;e82be7d358&apos;, time: &apos;2018-11-14T08:17:03&apos;&#10;System info: host: &apos;SB-IN-PYEKMD6N.local&apos;, ip: &apos;192.168.43.34&apos;, os.name: &apos;Mac OS X&apos;, os.arch: &apos;x86_64&apos;, os.version: &apos;10.15.3&apos;, java.version: &apos;1.8.0_241&apos;&#10;Driver info: driver.version: AndroidDriver"/>
  </testcase>
</testsuite>